d:\file exchange v12.0\secure_aodv_workspace\src\simulation\aodv\debug\vc142.pdb
d:\file exchange v12.0\secure_aodv_workspace\src\simulation\aodv\debug\vc142.idb
d:\file exchange v12.0\secure_aodv_workspace\src\simulation\aodv\debug\secure_aodv.obj
d:\file exchange v12.0\secure_aodv_workspace\src\simulation\aodv\debug\rreq.obj
d:\file exchange v12.0\secure_aodv_workspace\src\simulation\aodv\debug\rrep.obj
d:\file exchange v12.0\secure_aodv_workspace\src\simulation\aodv\debug\routetable.obj
d:\file exchange v12.0\secure_aodv_workspace\src\simulation\aodv\debug\routemaint.obj
d:\file exchange v12.0\secure_aodv_workspace\src\simulation\aodv\debug\hellomessage.obj
d:\file exchange v12.0\secure_aodv_workspace\src\simulation\aodv\debug\generalpacketprocessing.obj
d:\file exchange v12.0\secure_aodv_workspace\src\simulation\aodv\debug\fifobuffer.obj
d:\file exchange v12.0\secure_aodv_workspace\src\simulation\aodv\debug\aodv_routeerror.obj
d:\file exchange v12.0\secure_aodv_workspace\src\simulation\aodv\debug\aodv_checkroutefound.obj
d:\file exchange v12.0\secure_aodv_workspace\src\simulation\aodv\debug\aodv.obj
d:\file exchange v12.0\secure_aodv_workspace\src\simulation\aodv\debug\aodv.tlog\cl.command.1.tlog
d:\file exchange v12.0\secure_aodv_workspace\src\simulation\aodv\debug\aodv.tlog\cl.read.1.tlog
d:\file exchange v12.0\secure_aodv_workspace\src\simulation\aodv\debug\aodv.tlog\cl.write.1.tlog
d:\file exchange v12.0\secure_aodv_workspace\src\simulation\aodv\debug\aodv.tlog\link.16264.read.1.tlog
d:\file exchange v12.0\secure_aodv_workspace\src\simulation\aodv\debug\aodv.tlog\link.16264.write.1.tlog
d:\file exchange v12.0\secure_aodv_workspace\src\simulation\aodv\debug\aodv.tlog\link.command.1.tlog
d:\file exchange v12.0\secure_aodv_workspace\src\simulation\aodv\debug\aodv.tlog\link.read.1.tlog
d:\file exchange v12.0\secure_aodv_workspace\src\simulation\aodv\debug\aodv.tlog\link.write.1.tlog
